info it worked if it ends with ok
verbose cli [ 'node', '/usr/bin/npm', 'install', 'request', '--save' ]
info using npm@1.1.4
info using node@v0.6.12
verbose config file /home/agarcia/.npmrc
verbose config file /usr/etc/npmrc
verbose config file /usr/share/npm/npmrc
verbose caching /home/agarcia/Downloads/node/ext/calhacks3twitter/package.json
verbose loadDefaults ucsdext@0.0.0
verbose caching /home/agarcia/Downloads/node/ext/calhacks3twitter/node_modules/destroy/package.json
verbose loadDefaults destroy@1.0.4
verbose caching /home/agarcia/Downloads/node/ext/calhacks3twitter/node_modules/parseurl/package.json
verbose loadDefaults parseurl@1.3.1
verbose caching /home/agarcia/Downloads/node/ext/calhacks3twitter/node_modules/qs/package.json
verbose loadDefaults qs@6.2.0
verbose caching /home/agarcia/Downloads/node/ext/calhacks3twitter/node_modules/array-flatten/package.json
verbose loadDefaults array-flatten@1.1.1
verbose caching /home/agarcia/Downloads/node/ext/calhacks3twitter/node_modules/merge-descriptors/package.json
verbose loadDefaults merge-descriptors@1.0.1
verbose caching /home/agarcia/Downloads/node/ext/calhacks3twitter/node_modules/ms/package.json
verbose loadDefaults ms@0.7.1
verbose caching /home/agarcia/Downloads/node/ext/calhacks3twitter/node_modules/serve-static/package.json
verbose loadDefaults serve-static@1.11.1
verbose caching /home/agarcia/Downloads/node/ext/calhacks3twitter/node_modules/mime-db/package.json
verbose loadDefaults mime-db@1.25.0
verbose caching /home/agarcia/Downloads/node/ext/calhacks3twitter/node_modules/type-is/package.json
verbose loadDefaults type-is@1.6.14
verbose caching /home/agarcia/Downloads/node/ext/calhacks3twitter/node_modules/depd/package.json
verbose loadDefaults depd@1.1.0
verbose caching /home/agarcia/Downloads/node/ext/calhacks3twitter/node_modules/debug/package.json
verbose loadDefaults debug@2.2.0
verbose caching /home/agarcia/Downloads/node/ext/calhacks3twitter/node_modules/ee-first/package.json
verbose loadDefaults ee-first@1.1.1
verbose caching /home/agarcia/Downloads/node/ext/calhacks3twitter/node_modules/methods/package.json
verbose loadDefaults methods@1.1.2
verbose caching /home/agarcia/Downloads/node/ext/calhacks3twitter/node_modules/ipaddr.js/package.json
verbose loadDefaults ipaddr.js@1.1.1
verbose caching /home/agarcia/Downloads/node/ext/calhacks3twitter/node_modules/etag/package.json
verbose loadDefaults etag@1.7.0
verbose caching /home/agarcia/Downloads/node/ext/calhacks3twitter/node_modules/fresh/package.json
verbose loadDefaults fresh@0.3.0
verbose caching /home/agarcia/Downloads/node/ext/calhacks3twitter/node_modules/http-errors/package.json
verbose loadDefaults http-errors@1.5.1
verbose caching /home/agarcia/Downloads/node/ext/calhacks3twitter/node_modules/range-parser/package.json
verbose loadDefaults range-parser@1.2.0
verbose caching /home/agarcia/Downloads/node/ext/calhacks3twitter/node_modules/statuses/package.json
verbose loadDefaults statuses@1.3.1
verbose caching /home/agarcia/Downloads/node/ext/calhacks3twitter/node_modules/send/package.json
verbose loadDefaults send@0.14.1
verbose caching /home/agarcia/Downloads/node/ext/calhacks3twitter/node_modules/setprototypeof/package.json
verbose loadDefaults setprototypeof@1.0.2
verbose caching /home/agarcia/Downloads/node/ext/calhacks3twitter/node_modules/utils-merge/package.json
verbose loadDefaults utils-merge@1.0.0
verbose caching /home/agarcia/Downloads/node/ext/calhacks3twitter/node_modules/on-finished/package.json
verbose loadDefaults on-finished@2.3.0
verbose caching /home/agarcia/Downloads/node/ext/calhacks3twitter/node_modules/content-disposition/package.json
verbose loadDefaults content-disposition@0.5.1
verbose caching /home/agarcia/Downloads/node/ext/calhacks3twitter/node_modules/unpipe/package.json
verbose loadDefaults unpipe@1.0.0
verbose caching /home/agarcia/Downloads/node/ext/calhacks3twitter/node_modules/finalhandler/package.json
verbose loadDefaults finalhandler@0.5.0
verbose caching /home/agarcia/Downloads/node/ext/calhacks3twitter/node_modules/mime/package.json
verbose loadDefaults mime@1.3.4
verbose caching /home/agarcia/Downloads/node/ext/calhacks3twitter/node_modules/cookie/package.json
verbose loadDefaults cookie@0.3.1
verbose caching /home/agarcia/Downloads/node/ext/calhacks3twitter/node_modules/inherits/package.json
verbose loadDefaults inherits@2.0.3
verbose caching /home/agarcia/Downloads/node/ext/calhacks3twitter/node_modules/forwarded/package.json
verbose loadDefaults forwarded@0.1.0
verbose caching /home/agarcia/Downloads/node/ext/calhacks3twitter/node_modules/express/package.json
verbose loadDefaults express@4.14.0
verbose caching /home/agarcia/Downloads/node/ext/calhacks3twitter/node_modules/accepts/package.json
verbose loadDefaults accepts@1.3.3
verbose caching /home/agarcia/Downloads/node/ext/calhacks3twitter/node_modules/cookie-signature/package.json
verbose loadDefaults cookie-signature@1.0.6
verbose caching /home/agarcia/Downloads/node/ext/calhacks3twitter/node_modules/escape-html/package.json
verbose loadDefaults escape-html@1.0.3
verbose caching /home/agarcia/Downloads/node/ext/calhacks3twitter/node_modules/media-typer/package.json
verbose loadDefaults media-typer@0.3.0
verbose caching /home/agarcia/Downloads/node/ext/calhacks3twitter/node_modules/path-to-regexp/package.json
verbose loadDefaults path-to-regexp@0.1.7
verbose caching /home/agarcia/Downloads/node/ext/calhacks3twitter/node_modules/encodeurl/package.json
verbose loadDefaults encodeurl@1.0.1
verbose caching /home/agarcia/Downloads/node/ext/calhacks3twitter/node_modules/negotiator/package.json
verbose loadDefaults negotiator@0.6.1
verbose caching /home/agarcia/Downloads/node/ext/calhacks3twitter/node_modules/content-type/package.json
verbose loadDefaults content-type@1.0.2
verbose caching /home/agarcia/Downloads/node/ext/calhacks3twitter/node_modules/proxy-addr/package.json
verbose loadDefaults proxy-addr@1.1.2
verbose caching /home/agarcia/Downloads/node/ext/calhacks3twitter/node_modules/vary/package.json
verbose loadDefaults vary@1.1.0
verbose caching /home/agarcia/Downloads/node/ext/calhacks3twitter/node_modules/mime-types/package.json
verbose loadDefaults mime-types@2.1.13
verbose from cache /home/agarcia/Downloads/node/ext/calhacks3twitter/package.json
verbose readDependencies: using package.json deps
verbose cache add [ 'request', null ]
silly cache add: name, spec, args [ undefined, 'request', [ 'request', null ] ]
verbose parsed url { pathname: 'request', path: 'request', href: 'request' }
verbose addNamed [ 'request', '' ]
verbose addNamed [ null, '' ]
silly name, range, hasData [ 'request', '', false ]
verbose raw, before any munging request
verbose url resolving [ 'http://registry.npmjs.org/', './request' ]
verbose url resolved http://registry.npmjs.org/request
http GET http://registry.npmjs.org/request
http 200 http://registry.npmjs.org/request
silly get cb [ 200,
silly get cb   { server: 'nginx/1.10.1',
silly get cb     'content-type': 'application/json',
silly get cb     'last-modified': 'Wed, 07 Dec 2016 15:26:45 GMT',
silly get cb     etag: '"58482a35-34ee5"',
silly get cb     'cache-control': 'max-age=300',
silly get cb     'content-length': '216805',
silly get cb     'accept-ranges': 'bytes',
silly get cb     date: 'Wed, 07 Dec 2016 23:30:20 GMT',
silly get cb     via: '1.1 varnish',
silly get cb     age: '69',
silly get cb     connection: 'keep-alive',
silly get cb     'x-served-by': 'cache-lax8634-LAX',
silly get cb     'x-cache': 'HIT',
silly get cb     'x-cache-hits': '1',
silly get cb     'x-timer': 'S1481153420.227608,VS0,VE0',
silly get cb     vary: 'Accept-Encoding' } ]
verbose mkdir (expected) error ENOENT, no such file or directory '/home/agarcia/.npm/request'
verbose mkdir done: /home/agarcia/.npm/request 755
silly name, range, hasData 2 [ 'request', '', true ]
silly versions [ 'request',
silly versions   [ '0.10.0',
silly versions     '0.8.3',
silly versions     '0.9.0',
silly versions     '0.9.1',
silly versions     '0.9.5',
silly versions     '1.0.0',
silly versions     '1.1.0',
silly versions     '1.1.1',
silly versions     '1.2.0',
silly versions     '1.9.0',
silly versions     '1.9.1',
silly versions     '1.9.2',
silly versions     '1.9.3',
silly versions     '1.9.5',
silly versions     '1.9.7',
silly versions     '1.9.8',
silly versions     '1.9.9',
silly versions     '2.0.0',
silly versions     '2.0.1',
silly versions     '2.0.2',
silly versions     '2.0.3',
silly versions     '2.0.4',
silly versions     '2.0.5',
silly versions     '2.1.0',
silly versions     '2.1.1',
silly versions     '2.2.0',
silly versions     '2.2.5',
silly versions     '2.2.6',
silly versions     '2.2.9',
silly versions     '2.9.0',
silly versions     '2.9.1',
silly versions     '2.9.2',
silly versions     '2.9.3',
silly versions     '2.9.100',
silly versions     '2.9.150',
silly versions     '2.9.151',
silly versions     '2.9.152',
silly versions     '2.9.153',
silly versions     '2.9.200',
silly versions     '2.9.201',
silly versions     '2.9.202',
silly versions     '2.9.203',
silly versions     '2.10.0',
silly versions     '2.11.0',
silly versions     '2.11.1',
silly versions     '2.11.2',
silly versions     '2.11.3',
silly versions     '2.11.4',
silly versions     '2.12.0',
silly versions     '2.14.0',
silly versions     '2.16.0',
silly versions     '2.16.2',
silly versions     '2.16.4',
silly versions     '2.16.6',
silly versions     '2.18.0',
silly versions     '2.19.0',
silly versions     '2.20.0',
silly versions     '2.21.0',
silly versions     '2.22.0',
silly versions     '2.23.0',
silly versions     '2.24.0',
silly versions     '2.25.0',
silly versions     '2.26.0',
silly versions     '2.27.0',
silly versions     '2.28.0',
silly versions     '2.29.0',
silly versions     '2.30.0',
silly versions     '2.31.0',
silly versions     '2.32.0',
silly versions     '2.33.0',
silly versions     '2.34.0',
silly versions     '2.35.0',
silly versions     '2.36.0',
silly versions     '2.37.0',
silly versions     '2.38.0',
silly versions     '2.39.0',
silly versions     '2.40.0',
silly versions     '2.41.0',
silly versions     '2.42.0',
silly versions     '2.43.0',
silly versions     '2.44.0' ] ]
verbose bin dist [ '0.6-ares1.7.5-evundefined-openssl1.0.1-v83.7.12.22-linux-arm-3.14.0',
verbose bin dist   { shasum: '78d62454d68853cadfb07ad31f58b9ec98072ea8',
verbose bin dist     tarball: 'https://registry.npmjs.org/request/-/request-2.44.0.tgz' } ]
verbose addRemoteTarball [ 'http://registry.npmjs.org/request/-/request-2.44.0.tgz',
verbose addRemoteTarball   '78d62454d68853cadfb07ad31f58b9ec98072ea8' ]
verbose mkdir (expected) error ENOENT, no such file or directory '/tmp/npm-1481153419470'
verbose mkdir (expected) error ENOENT, no such file or directory '/tmp/npm-1481153419470/1481153419471-0.34660883201286197'
verbose mkdir done: /tmp/npm-1481153419470/1481153419471-0.34660883201286197 755
verbose fetch to /tmp/npm-1481153419470/1481153419471-0.34660883201286197/tmp.tgz
http GET http://registry.npmjs.org/request/-/request-2.44.0.tgz
http 200 http://registry.npmjs.org/request/-/request-2.44.0.tgz
silly updated sha bytes 40960
silly updated sha bytes 25502
info shasum 78d62454d68853cadfb07ad31f58b9ec98072ea8
info shasum /tmp/npm-1481153419470/1481153419471-0.34660883201286197/tmp.tgz
verbose mkdir (expected) error ENOENT, no such file or directory '/tmp/npm-1481153419470/1481153419471-0.34660883201286197/___package.npm'
verbose mkdir done: /tmp/npm-1481153419470/1481153419471-0.34660883201286197/___package.npm 755
verbose unpack_ uid, gid [ undefined, undefined ]
verbose unpackTarget /tmp/npm-1481153419470/1481153419471-0.34660883201286197/package
silly gunzTarPerm modes [ '755', '644' ]
silly afterUntar ok
silly asyncMap in gTP /tmp/npm-1481153419470/1481153419471-0.34660883201286197/___package.npm/package
silly asyncMap in gTP /tmp/npm-1481153419470/1481153419471-0.34660883201286197/___package.npm/package/disabled.appveyor.yml
silly asyncMap in gTP /tmp/npm-1481153419470/1481153419471-0.34660883201286197/___package.npm/package/CHANGELOG.md
silly asyncMap in gTP /tmp/npm-1481153419470/1481153419471-0.34660883201286197/___package.npm/package/CONTRIBUTING.md
silly asyncMap in gTP /tmp/npm-1481153419470/1481153419471-0.34660883201286197/___package.npm/package/.travis.yml
silly asyncMap in gTP /tmp/npm-1481153419470/1481153419471-0.34660883201286197/___package.npm/package/request.js
silly asyncMap in gTP /tmp/npm-1481153419470/1481153419471-0.34660883201286197/___package.npm/package/index.js
silly asyncMap in gTP /tmp/npm-1481153419470/1481153419471-0.34660883201286197/___package.npm/package/LICENSE
silly asyncMap in gTP /tmp/npm-1481153419470/1481153419471-0.34660883201286197/___package.npm/package/README.md
silly asyncMap in gTP /tmp/npm-1481153419470/1481153419471-0.34660883201286197/___package.npm/package/.npmignore
silly asyncMap in gTP /tmp/npm-1481153419470/1481153419471-0.34660883201286197/___package.npm/package/package.json
silly asyncMap in gTP /tmp/npm-1481153419470/1481153419471-0.34660883201286197/___package.npm/package/lib
silly asyncMap in gTP /tmp/npm-1481153419470/1481153419471-0.34660883201286197/___package.npm/package/lib/optional.js
silly asyncMap in gTP /tmp/npm-1481153419470/1481153419471-0.34660883201286197/___package.npm/package/lib/helpers.js
silly asyncMap in gTP /tmp/npm-1481153419470/1481153419471-0.34660883201286197/___package.npm/package/lib/debug.js
silly asyncMap in gTP /tmp/npm-1481153419470/1481153419471-0.34660883201286197/___package.npm/package/lib/copy.js
silly asyncMap in gTP /tmp/npm-1481153419470/1481153419471-0.34660883201286197/___package.npm/package/lib/cookies.js
silly chmod package 755
silly chmod lib 755
verbose gunzed /tmp/npm-1481153419470/1481153419471-0.34660883201286197/___package.npm/package
verbose rm'ed /tmp/npm-1481153419470/1481153419471-0.34660883201286197/package
verbose renamed [ '/tmp/npm-1481153419470/1481153419471-0.34660883201286197/___package.npm/package',
verbose renamed   '/tmp/npm-1481153419470/1481153419471-0.34660883201286197/package' ]
verbose caching /tmp/npm-1481153419470/1481153419471-0.34660883201286197/package/package.json
verbose loadDefaults request@2.44.0
verbose tarball contents [ 'package', 'tmp.tgz' ]
verbose from cache /tmp/npm-1481153419470/1481153419471-0.34660883201286197/package/package.json
verbose pack /tmp/npm-1481153419470/1481153419471-0.34660883201286197/package
verbose pack /tmp/npm-1481153419470/1481153419471-0.34660883201286197/package /home/agarcia/.npm/request/2.44.0/package.tgz
silly makeList /tmp/npm-1481153419470/1481153419471-0.34660883201286197/package
silly dir, dirLen [ '/tmp/npm-1481153419470/1481153419471-0.34660883201286197/package',
silly dir, dirLen   65 ]
verbose tarball /home/agarcia/.npm/request/2.44.0/package.tgz
verbose parent /tmp/npm-1481153419470/1481153419471-0.34660883201286197/package
verbose mkdir (expected) error ENOENT, no such file or directory '/home/agarcia/.npm/request/2.44.0/___package.npm'
verbose mkdir done: /home/agarcia/.npm/request/2.44.0/___package.npm 755
verbose unpack_ uid, gid [ undefined, undefined ]
verbose unpackTarget /home/agarcia/.npm/request/2.44.0/package
silly gunzTarPerm modes [ '755', '644' ]
silly afterUntar ok
silly asyncMap in gTP /home/agarcia/.npm/request/2.44.0/___package.npm/package
silly asyncMap in gTP /home/agarcia/.npm/request/2.44.0/___package.npm/package/CHANGELOG.md
silly asyncMap in gTP /home/agarcia/.npm/request/2.44.0/___package.npm/package/.npmignore
silly asyncMap in gTP /home/agarcia/.npm/request/2.44.0/___package.npm/package/CONTRIBUTING.md
silly asyncMap in gTP /home/agarcia/.npm/request/2.44.0/___package.npm/package/disabled.appveyor.yml
silly asyncMap in gTP /home/agarcia/.npm/request/2.44.0/___package.npm/package/package.json
silly asyncMap in gTP /home/agarcia/.npm/request/2.44.0/___package.npm/package/request.js
silly asyncMap in gTP /home/agarcia/.npm/request/2.44.0/___package.npm/package/index.js
silly asyncMap in gTP /home/agarcia/.npm/request/2.44.0/___package.npm/package/LICENSE
silly asyncMap in gTP /home/agarcia/.npm/request/2.44.0/___package.npm/package/.travis.yml
silly asyncMap in gTP /home/agarcia/.npm/request/2.44.0/___package.npm/package/README.md
silly asyncMap in gTP /home/agarcia/.npm/request/2.44.0/___package.npm/package/lib
silly asyncMap in gTP /home/agarcia/.npm/request/2.44.0/___package.npm/package/lib/helpers.js
silly asyncMap in gTP /home/agarcia/.npm/request/2.44.0/___package.npm/package/lib/copy.js
silly asyncMap in gTP /home/agarcia/.npm/request/2.44.0/___package.npm/package/lib/optional.js
silly asyncMap in gTP /home/agarcia/.npm/request/2.44.0/___package.npm/package/lib/debug.js
silly asyncMap in gTP /home/agarcia/.npm/request/2.44.0/___package.npm/package/lib/cookies.js
silly chmod package 755
verbose gunzed /home/agarcia/.npm/request/2.44.0/___package.npm/package
verbose rm'ed /home/agarcia/.npm/request/2.44.0/package
verbose renamed [ '/home/agarcia/.npm/request/2.44.0/___package.npm/package',
verbose renamed   '/home/agarcia/.npm/request/2.44.0/package' ]
verbose caching /home/agarcia/.npm/request/2.44.0/package/package.json
verbose loadDefaults request@2.44.0
silly updated sha bytes 40960
silly updated sha bytes 25745
info shasum 74b617c3f6620304052d5a810cdc283f8ffeefe9
info shasum /home/agarcia/.npm/request/2.44.0/package.tgz
verbose from cache /home/agarcia/.npm/request/2.44.0/package/package.json
verbose chmod /home/agarcia/.npm/request/2.44.0/package.tgz 644
verbose chown [ '/home/agarcia/.npm/request/2.44.0/package.tgz', 1000, 1000 ]
silly resolved [ { name: 'request',
silly resolved     description: 'Simplified HTTP request client.',
silly resolved     tags: [ 'http', 'simple', 'util', 'utility' ],
silly resolved     version: '2.44.0',
silly resolved     author: { name: 'Mikeal Rogers', email: 'mikeal.rogers@gmail.com' },
silly resolved     repository: { type: 'git', url: 'git://github.com/mikeal/request.git' },
silly resolved     bugs: { url: 'http://github.com/mikeal/request/issues' },
silly resolved     license: 'Apache-2.0',
silly resolved     engines: [ 'node >= 0.8.0', node: ' >= 0.8.0' ],
silly resolved     main: 'index.js',
silly resolved     dependencies: 
silly resolved      { bl: '~0.9.0',
silly resolved        caseless: '~0.6.0',
silly resolved        'forever-agent': '~0.5.0',
silly resolved        qs: '~1.2.0',
silly resolved        'json-stringify-safe': '~5.0.0',
silly resolved        'mime-types': '~1.0.1',
silly resolved        'node-uuid': '~1.4.0',
silly resolved        'tunnel-agent': '~0.4.0',
silly resolved        'tough-cookie': '>=0.12.0',
silly resolved        'form-data': '~0.1.0',
silly resolved        'http-signature': '~0.10.0',
silly resolved        'oauth-sign': '~0.4.0',
silly resolved        hawk: '1.1.1',
silly resolved        'aws-sign2': '~0.5.0',
silly resolved        stringstream: '~0.0.4' },
silly resolved     optionalDependencies: 
silly resolved      { 'tough-cookie': '>=0.12.0',
silly resolved        'form-data': '~0.1.0',
silly resolved        'http-signature': '~0.10.0',
silly resolved        'oauth-sign': '~0.4.0',
silly resolved        hawk: '1.1.1',
silly resolved        'aws-sign2': '~0.5.0',
silly resolved        stringstream: '~0.0.4' },
silly resolved     scripts: { test: 'node tests/run.js' },
silly resolved     devDependencies: { rimraf: '~2.2.8' },
silly resolved     _id: 'request@2.44.0',
silly resolved     _engineSupported: false,
silly resolved     _npmVersion: '1.1.4',
silly resolved     _nodeVersion: 'v0.6.12',
silly resolved     _defaultsLoaded: true,
silly resolved     dist: { shasum: '74b617c3f6620304052d5a810cdc283f8ffeefe9' },
silly resolved     _from: 'request' } ]
info into /home/agarcia/Downloads/node/ext/calhacks3twitter request@2.44.0
info installOne request@2.44.0
verbose installOne cb request@2.44.0
ERR! Unsupported
ERR! Not compatible with your version of node/npm: request@2.44.0
ERR! Required: ["node >= 0.8.0"]
ERR! Actual:   {"npm":"1.1.4","node":"0.6.12"}
ERR! 
ERR! System Linux 3.14.0
ERR! command "node" "/usr/bin/npm" "install" "request" "--save"
ERR! cwd /home/agarcia/Downloads/node/ext/calhacks3twitter
ERR! node -v v0.6.12
ERR! npm -v 1.1.4
ERR! code ENOTSUP
ERR! message Unsupported
ERR! errno {}
verbose exit [ 1, true ]
